\BOOKMARK [0][-]{chapter.1}{\376\377\000C\000o\000n\000c\000e\000p\000t\000o\000s\000\040\000B\000\341\000s\000i\000c\000o\000s}{}% 1
\BOOKMARK [1][-]{section.1.1}{\376\377\000D\000e\000f\000i\000n\000i\000c\000i\000\363\000n}{chapter.1}% 2
\BOOKMARK [1][-]{section.1.2}{\376\377\000E\000l\000e\000m\000e\000n\000t\000o\000s}{chapter.1}% 3
\BOOKMARK [2][-]{subsection.1.2.1}{\376\377\000A\000m\000p\000l\000i\000t\000u\000d}{section.1.2}% 4
\BOOKMARK [2][-]{subsection.1.2.2}{\376\377\000C\000r\000e\000s\000t\000a}{section.1.2}% 5
\BOOKMARK [2][-]{subsection.1.2.3}{\376\377\000V\000a\000l\000l\000e}{section.1.2}% 6
\BOOKMARK [2][-]{subsection.1.2.4}{\376\377\000P\000u\000n\000t\000o\000\040\000I\000n\000c\000i\000a\000l}{section.1.2}% 7
\BOOKMARK [2][-]{subsection.1.2.5}{\376\377\000P\000o\000s\000i\000c\000i\000\363\000n\000\040\000d\000e\000\040\000E\000q\000u\000i\000l\000i\000b\000r\000i\000o}{section.1.2}% 8
\BOOKMARK [2][-]{subsection.1.2.6}{\376\377\000D\000i\000s\000t\000a\000n\000c\000i\000a}{section.1.2}% 9
\BOOKMARK [2][-]{subsection.1.2.7}{\376\377\000L\000o\000n\000g\000i\000t\000u\000d\000\040\000d\000e\000\040\000O\000n\000d\000a}{section.1.2}% 10
\BOOKMARK [2][-]{subsection.1.2.8}{\376\377\000T\000i\000e\000m\000p\000o}{section.1.2}% 11
\BOOKMARK [2][-]{subsection.1.2.9}{\376\377\000P\000e\000r\000i\000o\000d\000o}{section.1.2}% 12
\BOOKMARK [2][-]{subsection.1.2.10}{\376\377\000F\000r\000e\000c\000u\000e\000n\000c\000i\000a}{section.1.2}% 13
\BOOKMARK [0][-]{chapter.2}{\376\377\000M\000o\000d\000e\000l\000o\000\040\000M\000a\000t\000e\000m\000\341\000t\000i\000c\000o}{}% 14
\BOOKMARK [1][-]{section.2.1}{\376\377\000D\000e\000f\000i\000n\000i\000c\000i\000\363\000n}{chapter.2}% 15
\BOOKMARK [1][-]{section.2.2}{\376\377\000C\000a\000r\000a\000c\000t\000e\000r\000\355\000s\000t\000i\000c\000a\000s}{chapter.2}% 16
\BOOKMARK [0][-]{chapter.3}{\376\377\000T\000i\000p\000o\000s\000\040\000d\000e\000\040\000O\000n\000d\000a\000s}{}% 17
\BOOKMARK [1][-]{section.3.1}{\376\377\000N\000a\000t\000u\000r\000a\000l\000e\000z\000a\000\040\000d\000e\000\040\000E\000m\000i\000s\000i\000\363\000n}{chapter.3}% 18
\BOOKMARK [2][-]{subsection.3.1.1}{\376\377\000O\000n\000d\000a\000\040\000M\000e\000c\000\341\000n\000i\000c\000a}{section.3.1}% 19
\BOOKMARK [2][-]{subsection.3.1.2}{\376\377\000O\000n\000d\000a\000\040\000E\000l\000e\000c\000t\000r\000o\000m\000a\000g\000n\000\351\000t\000i\000c\000a}{section.3.1}% 20
\BOOKMARK [1][-]{section.3.2}{\376\377\000M\000o\000v\000i\000m\000i\000e\000n\000t\000o\000\040\000d\000e\000\040\000P\000a\000r\000t\000\355\000c\000u\000l\000a\000s}{chapter.3}% 21
\BOOKMARK [2][-]{subsection.3.2.1}{\376\377\000O\000n\000d\000a\000\040\000T\000r\000a\000n\000s\000v\000e\000r\000s\000a\000l}{section.3.2}% 22
\BOOKMARK [2][-]{subsection.3.2.2}{\376\377\000O\000n\000d\000a\000\040\000L\000o\000n\000g\000i\000t\000u\000d\000i\000n\000a\000l}{section.3.2}% 23
\BOOKMARK [1][-]{section.3.3}{\376\377\000S\000e\000n\000t\000i\000d\000o\000\040\000d\000e\000\040\000P\000r\000o\000p\000a\000g\000a\000c\000i\000\363\000n}{chapter.3}% 24
\BOOKMARK [2][-]{subsection.3.3.1}{\376\377\000O\000n\000d\000a\000\040\000V\000i\000a\000j\000e\000r\000a}{section.3.3}% 25
\BOOKMARK [2][-]{subsection.3.3.2}{\376\377\000O\000n\000d\000a\000\040\000E\000s\000t\000a\000c\000i\000o\000n\000a\000r\000i\000a}{section.3.3}% 26
\BOOKMARK [0][-]{chapter.4}{\376\377\000F\000e\000n\000\363\000m\000e\000n\000o\000s\000\040\000O\000n\000d\000u\000l\000a\000t\000o\000r\000i\000o\000s}{}% 27
\BOOKMARK [1][-]{section.4.1}{\376\377\000R\000e\000f\000l\000e\000x\000i\000\363\000n}{chapter.4}% 28
\BOOKMARK [2][-]{subsection.4.1.1}{\376\377\000D\000e\000f\000i\000n\000i\000c\000i\000\363\000n}{section.4.1}% 29
\BOOKMARK [2][-]{subsection.4.1.2}{\376\377\000T\000i\000p\000o\000s}{section.4.1}% 30
\BOOKMARK [1][-]{section.4.2}{\376\377\000R\000e\000f\000r\000a\000c\000c\000i\000\363\000n}{chapter.4}% 31
\BOOKMARK [2][-]{subsection.4.2.1}{\376\377\000D\000e\000f\000i\000n\000i\000c\000i\000\363\000n}{section.4.2}% 32
\BOOKMARK [2][-]{subsection.4.2.2}{\376\377\000D\000e\000s\000c\000r\000i\000p\000c\000i\000\363\000n\000\040\000M\000a\000t\000e\000m\000\341\000t\000i\000c\000a}{section.4.2}% 33
\BOOKMARK [1][-]{section.4.3}{\376\377\000D\000i\000f\000r\000a\000c\000c\000i\000\363\000n}{chapter.4}% 34
\BOOKMARK [2][-]{subsection.4.3.1}{\376\377\000D\000e\000f\000i\000n\000i\000c\000i\000\363\000n}{section.4.3}% 35
\BOOKMARK [2][-]{subsection.4.3.2}{\376\377\000T\000i\000p\000o\000s}{section.4.3}% 36
\BOOKMARK [1][-]{section.4.4}{\376\377\000A\000b\000s\000o\000r\000c\000i\000\363\000n}{chapter.4}% 37
\BOOKMARK [2][-]{subsection.4.4.1}{\376\377\000D\000e\000f\000i\000n\000i\000c\000i\000\363\000n}{section.4.4}% 38
