This is pdfTeX, Version 3.141592653-2.6-1.40.28 (TeX Live 2025) (preloaded format=pdflatex 2025.5.31)  13 JUL 2025 20:48
entering extended mode
 restricted \write18 enabled.
 file:line:error style messages enabled.
 %&-line parsing enabled.
**main.tex
(./main.tex
LaTeX2e <2024-11-01> patch level 2
L3 programming layer <2025-04-29>
(/usr/local/texlive/2025/texmf-dist/tex/latex/extsizes/extbook.cls
Document Class: extbook 1999/01/07 v1.4a NON-Standard LaTeX document class
(/usr/local/texlive/2025/texmf-dist/tex/latex/base/bk10.clo
File: bk10.clo 2024/06/29 v1.4n Standard LaTeX file (size option)
) (/usr/local/texlive/2025/texmf-dist/tex/latex/base/exscale.sty
Package: exscale 2018/09/24 v2.1i Standard LaTeX package exscale
LaTeX Font Info:    Redeclaring symbol font `largesymbols' on input line 57.
LaTeX Font Info:    Overwriting symbol font `largesymbols' in version `normal'
(Font)                  OMX/cmex/m/n --> OMX/cmex/m/n on input line 57.
LaTeX Font Info:    Overwriting symbol font `largesymbols' in version `bold'
(Font)                  OMX/cmex/m/n --> OMX/cmex/m/n on input line 57.
\big@size=\dimen146
)
\c@part=\count272
\c@chapter=\count273
\c@section=\count274
\c@subsection=\count275
\c@subsubsection=\count276
\c@paragraph=\count277
\c@subparagraph=\count278
\c@figure=\count279
\c@table=\count280
\abovecaptionskip=\skip49
\belowcaptionskip=\skip50
\bibindent=\dimen147
) (./paquetes.tex (/usr/local/texlive/2025/texmf-dist/tex/latex/geometry/geometry.sty
Package: geometry 2020/01/02 v5.9 Page Geometry
 (/usr/local/texlive/2025/texmf-dist/tex/latex/graphics/keyval.sty
Package: keyval 2022/05/29 v1.15 key=value parser (DPC)
\KV@toks@=\toks17
) (/usr/local/texlive/2025/texmf-dist/tex/generic/iftex/ifvtex.sty
Package: ifvtex 2019/10/25 v1.7 ifvtex legacy package. Use iftex instead.
 (/usr/local/texlive/2025/texmf-dist/tex/generic/iftex/iftex.sty
Package: iftex 2024/12/12 v1.0g TeX engine tests
))
\Gm@cnth=\count281
\Gm@cntv=\count282
\c@Gm@tempcnt=\count283
\Gm@bindingoffset=\dimen148
\Gm@wd@mp=\dimen149
\Gm@odd@mp=\dimen150
\Gm@even@mp=\dimen151
\Gm@layoutwidth=\dimen152
\Gm@layoutheight=\dimen153
\Gm@layouthoffset=\dimen154
\Gm@layoutvoffset=\dimen155
\Gm@dimlist=\toks18
) (/usr/local/texlive/2025/texmf-dist/tex/latex/lm/lmodern.sty
Package: lmodern 2015/05/01 v1.6.1 Latin Modern Fonts
LaTeX Font Info:    Overwriting symbol font `operators' in version `normal'
(Font)                  OT1/cmr/m/n --> OT1/lmr/m/n on input line 22.
LaTeX Font Info:    Overwriting symbol font `letters' in version `normal'
(Font)                  OML/cmm/m/it --> OML/lmm/m/it on input line 23.
LaTeX Font Info:    Overwriting symbol font `symbols' in version `normal'
(Font)                  OMS/cmsy/m/n --> OMS/lmsy/m/n on input line 24.
LaTeX Font Info:    Overwriting symbol font `largesymbols' in version `normal'
(Font)                  OMX/cmex/m/n --> OMX/lmex/m/n on input line 25.
LaTeX Font Info:    Overwriting symbol font `operators' in version `bold'
(Font)                  OT1/cmr/bx/n --> OT1/lmr/bx/n on input line 26.
LaTeX Font Info:    Overwriting symbol font `letters' in version `bold'
(Font)                  OML/cmm/b/it --> OML/lmm/b/it on input line 27.
LaTeX Font Info:    Overwriting symbol font `symbols' in version `bold'
(Font)                  OMS/cmsy/b/n --> OMS/lmsy/b/n on input line 28.
LaTeX Font Info:    Overwriting symbol font `largesymbols' in version `bold'
(Font)                  OMX/cmex/m/n --> OMX/lmex/m/n on input line 29.
LaTeX Font Info:    Overwriting math alphabet `\mathbf' in version `normal'
(Font)                  OT1/cmr/bx/n --> OT1/lmr/bx/n on input line 31.
LaTeX Font Info:    Overwriting math alphabet `\mathsf' in version `normal'
(Font)                  OT1/cmss/m/n --> OT1/lmss/m/n on input line 32.
LaTeX Font Info:    Overwriting math alphabet `\mathit' in version `normal'
(Font)                  OT1/cmr/m/it --> OT1/lmr/m/it on input line 33.
LaTeX Font Info:    Overwriting math alphabet `\mathtt' in version `normal'
(Font)                  OT1/cmtt/m/n --> OT1/lmtt/m/n on input line 34.
LaTeX Font Info:    Overwriting math alphabet `\mathbf' in version `bold'
(Font)                  OT1/cmr/bx/n --> OT1/lmr/bx/n on input line 35.
LaTeX Font Info:    Overwriting math alphabet `\mathsf' in version `bold'
(Font)                  OT1/cmss/bx/n --> OT1/lmss/bx/n on input line 36.
LaTeX Font Info:    Overwriting math alphabet `\mathit' in version `bold'
(Font)                  OT1/cmr/bx/it --> OT1/lmr/bx/it on input line 37.
LaTeX Font Info:    Overwriting math alphabet `\mathtt' in version `bold'
(Font)                  OT1/cmtt/m/n --> OT1/lmtt/m/n on input line 38.
) (/usr/local/texlive/2025/texmf-dist/tex/latex/fontsize/fontsize.sty
Package: fontsize 2024/12/04 v0.9 'fontsize' package. Set main font sizes (Ivan Valbusa)
 (/usr/local/texlive/2025/texmf-dist/tex/latex/xkeyval/xkeyval.sty
Package: xkeyval 2022/06/16 v2.9 package option processing (HA)
 (/usr/local/texlive/2025/texmf-dist/tex/generic/xkeyval/xkeyval.tex (/usr/local/texlive/2025/texmf-dist/tex/generic/xkeyval/xkvutils.tex
\XKV@toks=\toks19
\XKV@tempa@toks=\toks20
)
\XKV@depth=\count284
File: xkeyval.tex 2014/12/03 v2.7a key=value parser (HA)
))) (/usr/local/texlive/2025/texmf-dist/tex/latex/base/fix-cm.sty
Package: fix-cm 2020/11/24 v1.1t fixes to LaTeX
 (/usr/local/texlive/2025/texmf-dist/tex/latex/base/ts1enc.def
File: ts1enc.def 2001/06/05 v3.0e (jk/car/fm) Standard LaTeX file
LaTeX Font Info:    Redeclaring font encoding TS1 on input line 47.
)) (/usr/local/texlive/2025/texmf-dist/tex/latex/base/fontenc.sty
Package: fontenc 2021/04/29 v2.0v Standard LaTeX package
LaTeX Font Info:    Trying to load font information for T1+lmr on input line 116.
 (/usr/local/texlive/2025/texmf-dist/tex/latex/lm/t1lmr.fd
File: t1lmr.fd 2015/05/01 v1.6.1 Font defs for Latin Modern
)) (/usr/local/texlive/2025/texmf-dist/tex/latex/parskip/parskip.sty
Package: parskip 2021-03-14 v2.0h non-zero parskip adjustments
 (/usr/local/texlive/2025/texmf-dist/tex/latex/kvoptions/kvoptions.sty
Package: kvoptions 2022-06-15 v3.15 Key value format for package options (HO)
 (/usr/local/texlive/2025/texmf-dist/tex/generic/ltxcmds/ltxcmds.sty
Package: ltxcmds 2023-12-04 v1.26 LaTeX kernel commands for general use (HO)
) (/usr/local/texlive/2025/texmf-dist/tex/latex/kvsetkeys/kvsetkeys.sty
Package: kvsetkeys 2022-10-05 v1.19 Key value parser (HO)
)) (/usr/local/texlive/2025/texmf-dist/tex/latex/etoolbox/etoolbox.sty
Package: etoolbox 2025/02/11 v2.5l e-TeX tools for LaTeX (JAW)
\etb@tempcnta=\count285
)) (/usr/local/texlive/2025/texmf-dist/tex/latex/amsmath/amsmath.sty
Package: amsmath 2024/11/05 v2.17t AMS math features
\@mathmargin=\skip51

For additional information on amsmath, use the `?' option.
(/usr/local/texlive/2025/texmf-dist/tex/latex/amsmath/amstext.sty
Package: amstext 2021/08/26 v2.01 AMS text
 (/usr/local/texlive/2025/texmf-dist/tex/latex/amsmath/amsgen.sty
File: amsgen.sty 1999/11/30 v2.0 generic functions
\@emptytoks=\toks21
\ex@=\dimen156
)) (/usr/local/texlive/2025/texmf-dist/tex/latex/amsmath/amsbsy.sty
Package: amsbsy 1999/11/29 v1.2d Bold Symbols
\pmbraise@=\dimen157
) (/usr/local/texlive/2025/texmf-dist/tex/latex/amsmath/amsopn.sty
Package: amsopn 2022/04/08 v2.04 operator names
)
\inf@bad=\count286
LaTeX Info: Redefining \frac on input line 233.
\uproot@=\count287
\leftroot@=\count288
LaTeX Info: Redefining \overline on input line 398.
LaTeX Info: Redefining \colon on input line 409.
\classnum@=\count289
\DOTSCASE@=\count290
LaTeX Info: Redefining \ldots on input line 495.
LaTeX Info: Redefining \dots on input line 498.
LaTeX Info: Redefining \cdots on input line 619.
\Mathstrutbox@=\box53
\strutbox@=\box54
LaTeX Info: Redefining \big on input line 721.
LaTeX Info: Redefining \Big on input line 722.
LaTeX Info: Redefining \bigg on input line 723.
LaTeX Info: Redefining \Bigg on input line 724.
\big@size=\dimen158
LaTeX Font Info:    Redeclaring font encoding OML on input line 742.
LaTeX Font Info:    Redeclaring font encoding OMS on input line 743.
\macc@depth=\count291
LaTeX Info: Redefining \bmod on input line 904.
LaTeX Info: Redefining \pmod on input line 909.
LaTeX Info: Redefining \smash on input line 939.
LaTeX Info: Redefining \relbar on input line 969.
LaTeX Info: Redefining \Relbar on input line 970.
\c@MaxMatrixCols=\count292
\dotsspace@=\muskip17
\c@parentequation=\count293
\dspbrk@lvl=\count294
\tag@help=\toks22
\row@=\count295
\column@=\count296
\maxfields@=\count297
\andhelp@=\toks23
\eqnshift@=\dimen159
\alignsep@=\dimen160
\tagshift@=\dimen161
\tagwidth@=\dimen162
\totwidth@=\dimen163
\lineht@=\dimen164
\@envbody=\toks24
\multlinegap=\skip52
\multlinetaggap=\skip53
\mathdisplay@stack=\toks25
LaTeX Info: Redefining \[ on input line 2953.
LaTeX Info: Redefining \] on input line 2954.
) (/usr/local/texlive/2025/texmf-dist/tex/latex/physics/physics.sty
Package: physics 
 (/usr/local/texlive/2025/texmf-dist/tex/latex/l3packages/xparse/xparse.sty (/usr/local/texlive/2025/texmf-dist/tex/latex/l3kernel/expl3.sty
Package: expl3 2025-04-29 L3 programming layer (loader) 
 (/usr/local/texlive/2025/texmf-dist/tex/latex/l3backend/l3backend-pdftex.def
File: l3backend-pdftex.def 2025-04-14 L3 backend support: PDF output (pdfTeX)
\l__color_backend_stack_int=\count298
))
Package: xparse 2024-08-16 L3 Experimental document command parser
)) (/usr/local/texlive/2025/texmf-dist/tex/latex/float/float.sty
Package: float 2001/11/08 v1.3d Float enhancements (AL)
\c@float@type=\count299
\float@exts=\toks26
\float@box=\box55
\@float@everytoks=\toks27
\@floatcapt=\box56
) (/usr/local/texlive/2025/texmf-dist/tex/latex/graphics/graphicx.sty
Package: graphicx 2021/09/16 v1.2d Enhanced LaTeX Graphics (DPC,SPQR)
 (/usr/local/texlive/2025/texmf-dist/tex/latex/graphics/graphics.sty
Package: graphics 2024/08/06 v1.4g Standard LaTeX Graphics (DPC,SPQR)
 (/usr/local/texlive/2025/texmf-dist/tex/latex/graphics/trig.sty
Package: trig 2023/12/02 v1.11 sin cos tan (DPC)
) (/usr/local/texlive/2025/texmf-dist/tex/latex/graphics-cfg/graphics.cfg
File: graphics.cfg 2016/06/04 v1.11 sample graphics configuration
)
Package graphics Info: Driver file: pdftex.def on input line 106.
 (/usr/local/texlive/2025/texmf-dist/tex/latex/graphics-def/pdftex.def
File: pdftex.def 2024/04/13 v1.2c Graphics/color driver for pdftex
))
\Gin@req@height=\dimen165
\Gin@req@width=\dimen166
) (/usr/local/texlive/2025/texmf-dist/tex/latex/url/url.sty
\Urlmuskip=\muskip18
Package: url 2013/09/16  ver 3.4  Verb mode for urls, etc.
) (/usr/local/texlive/2025/texmf-dist/tex/latex/hyperref/hyperref.sty
Package: hyperref 2025-05-20 v7.01m Hypertext links for LaTeX
 (/usr/local/texlive/2025/texmf-dist/tex/generic/kvdefinekeys/kvdefinekeys.sty
Package: kvdefinekeys 2019-12-19 v1.6 Define keys (HO)
) (/usr/local/texlive/2025/texmf-dist/tex/generic/pdfescape/pdfescape.sty
Package: pdfescape 2019/12/09 v1.15 Implements pdfTeX's escape features (HO)
 (/usr/local/texlive/2025/texmf-dist/tex/generic/pdftexcmds/pdftexcmds.sty
Package: pdftexcmds 2020-06-27 v0.33 Utility functions of pdfTeX for LuaTeX (HO)
 (/usr/local/texlive/2025/texmf-dist/tex/generic/infwarerr/infwarerr.sty
Package: infwarerr 2019/12/03 v1.5 Providing info/warning/error messages (HO)
)
Package pdftexcmds Info: \pdf@primitive is available.
Package pdftexcmds Info: \pdf@ifprimitive is available.
Package pdftexcmds Info: \pdfdraftmode found.
)) (/usr/local/texlive/2025/texmf-dist/tex/latex/hycolor/hycolor.sty
Package: hycolor 2020-01-27 v1.10 Color options for hyperref/bookmark (HO)
) (/usr/local/texlive/2025/texmf-dist/tex/latex/hyperref/nameref.sty
Package: nameref 2023-11-26 v2.56 Cross-referencing by name of section
 (/usr/local/texlive/2025/texmf-dist/tex/latex/refcount/refcount.sty
Package: refcount 2019/12/15 v3.6 Data extraction from label references (HO)
) (/usr/local/texlive/2025/texmf-dist/tex/generic/gettitlestring/gettitlestring.sty
Package: gettitlestring 2019/12/15 v1.6 Cleanup title references (HO)
)
\c@section@level=\count300
) (/usr/local/texlive/2025/texmf-dist/tex/generic/stringenc/stringenc.sty
Package: stringenc 2019/11/29 v1.12 Convert strings between diff. encodings (HO)
)
\@linkdim=\dimen167
\Hy@linkcounter=\count301
\Hy@pagecounter=\count302
 (/usr/local/texlive/2025/texmf-dist/tex/latex/hyperref/pd1enc.def
File: pd1enc.def 2025-05-20 v7.01m Hyperref: PDFDocEncoding definition (HO)
Now handling font encoding PD1 ...
... no UTF-8 mapping file for font encoding PD1
) (/usr/local/texlive/2025/texmf-dist/tex/generic/intcalc/intcalc.sty
Package: intcalc 2019/12/15 v1.3 Expandable calculations with integers (HO)
)
\Hy@SavedSpaceFactor=\count303
 (/usr/local/texlive/2025/texmf-dist/tex/latex/hyperref/puenc.def
File: puenc.def 2025-05-20 v7.01m Hyperref: PDF Unicode definition (HO)
Now handling font encoding PU ...
... no UTF-8 mapping file for font encoding PU
)
Package hyperref Info: Option `colorlinks' set `true' on input line 4040.
Package hyperref Info: Hyper figures OFF on input line 4157.
Package hyperref Info: Link nesting OFF on input line 4162.
Package hyperref Info: Hyper index ON on input line 4165.
Package hyperref Info: Plain pages OFF on input line 4172.
Package hyperref Info: Backreferencing OFF on input line 4177.
Package hyperref Info: Implicit mode ON; LaTeX internals redefined.
Package hyperref Info: Bookmarks ON on input line 4424.
\c@Hy@tempcnt=\count304
LaTeX Info: Redefining \url on input line 4763.
\XeTeXLinkMargin=\dimen168

(/usr/local/texlive/2025/texmf-dist/tex/generic/bitset/bitset.sty
Package: bitset 2019/12/09 v1.3 Handle bit-vector datatype (HO)
 (/usr/local/texlive/2025/texmf-dist/tex/generic/bigintcalc/bigintcalc.sty
Package: bigintcalc 2019/12/15 v1.5 Expandable calculations on big integers (HO)
))
\Fld@menulength=\count305
\Field@Width=\dimen169
\Fld@charsize=\dimen170
Package hyperref Info: Hyper figures OFF on input line 6042.
Package hyperref Info: Link nesting OFF on input line 6047.
Package hyperref Info: Hyper index ON on input line 6050.
Package hyperref Info: backreferencing OFF on input line 6057.
Package hyperref Info: Link coloring ON on input line 6060.
Package hyperref Info: Link coloring with OCG OFF on input line 6067.
Package hyperref Info: PDF/A mode OFF on input line 6072.
 (/usr/local/texlive/2025/texmf-dist/tex/latex/base/atbegshi-ltx.sty
Package: atbegshi-ltx 2021/01/10 v1.0c Emulation of the original atbegshi
package with kernel methods
)
\Hy@abspage=\count306
\c@Item=\count307
\c@Hfootnote=\count308
)
Package hyperref Info: Driver (autodetected): hpdftex.
 (/usr/local/texlive/2025/texmf-dist/tex/latex/hyperref/hpdftex.def
File: hpdftex.def 2025-05-20 v7.01m Hyperref driver for pdfTeX
\Fld@listcount=\count309
\c@bookmark@seq@number=\count310
 (/usr/local/texlive/2025/texmf-dist/tex/latex/rerunfilecheck/rerunfilecheck.sty
Package: rerunfilecheck 2022-07-10 v1.10 Rerun checks for auxiliary files (HO)
 (/usr/local/texlive/2025/texmf-dist/tex/latex/base/atveryend-ltx.sty
Package: atveryend-ltx 2020/08/19 v1.0a Emulation of the original atveryend package
with kernel methods
) (/usr/local/texlive/2025/texmf-dist/tex/generic/uniquecounter/uniquecounter.sty
Package: uniquecounter 2019/12/15 v1.4 Provide unlimited unique counter (HO)
)
Package uniquecounter Info: New unique counter `rerunfilecheck' on input line 285.
)
\Hy@SectionHShift=\skip54
) (/usr/local/texlive/2025/texmf-dist/tex/latex/tools/xr.sty
Package: xr 2024-04-10 v6.00 eXternal References (DPC)
) (/usr/local/texlive/2025/texmf-dist/tex/latex/base/inputenc.sty
Package: inputenc 2024/02/08 v1.3d Input encoding file
\inpenc@prehook=\toks28
\inpenc@posthook=\toks29
) (/usr/local/texlive/2025/texmf-dist/tex/latex/titlesec/titlesec.sty
Package: titlesec 2025/01/04 v2.17 Sectioning titles
\ttl@box=\box57
\beforetitleunit=\skip55
\aftertitleunit=\skip56
\ttl@plus=\dimen171
\ttl@minus=\dimen172
\ttl@toksa=\toks30
\titlewidth=\dimen173
\titlewidthlast=\dimen174
\titlewidthfirst=\dimen175
) (/usr/local/texlive/2025/texmf-dist/tex/latex/pgfplots/pgfplots.sty (/usr/local/texlive/2025/texmf-dist/tex/generic/pgfplots/pgfplots.revision.tex)
Package: pgfplots 2021/05/15 v1.18.1 Data Visualization (1.18.1)
 (/usr/local/texlive/2025/texmf-dist/tex/latex/pgf/frontendlayer/tikz.sty (/usr/local/texlive/2025/texmf-dist/tex/latex/pgf/basiclayer/pgf.sty (/usr/local/texlive/2025/texmf-dist/tex/latex/pgf/utilities/pgfrcs.sty (/usr/local/texlive/2025/texmf-dist/tex/generic/pgf/utilities/pgfutil-common.tex
\pgfutil@everybye=\toks31
\pgfutil@tempdima=\dimen176
\pgfutil@tempdimb=\dimen177
) (/usr/local/texlive/2025/texmf-dist/tex/generic/pgf/utilities/pgfutil-latex.def
\pgfutil@abb=\box58
) (/usr/local/texlive/2025/texmf-dist/tex/generic/pgf/utilities/pgfrcs.code.tex (/usr/local/texlive/2025/texmf-dist/tex/generic/pgf/pgf.revision.tex)
Package: pgfrcs 2023-01-15 v3.1.10 (3.1.10)
))
Package: pgf 2023-01-15 v3.1.10 (3.1.10)
 (/usr/local/texlive/2025/texmf-dist/tex/latex/pgf/basiclayer/pgfcore.sty (/usr/local/texlive/2025/texmf-dist/tex/latex/pgf/systemlayer/pgfsys.sty (/usr/local/texlive/2025/texmf-dist/tex/generic/pgf/systemlayer/pgfsys.code.tex
Package: pgfsys 2023-01-15 v3.1.10 (3.1.10)
 (/usr/local/texlive/2025/texmf-dist/tex/generic/pgf/utilities/pgfkeys.code.tex
\pgfkeys@pathtoks=\toks32
\pgfkeys@temptoks=\toks33
 (/usr/local/texlive/2025/texmf-dist/tex/generic/pgf/utilities/pgfkeyslibraryfiltered.code.tex
\pgfkeys@tmptoks=\toks34
))
\pgf@x=\dimen178
\pgf@y=\dimen179
\pgf@xa=\dimen180
\pgf@ya=\dimen181
\pgf@xb=\dimen182
\pgf@yb=\dimen183
\pgf@xc=\dimen184
\pgf@yc=\dimen185
\pgf@xd=\dimen186
\pgf@yd=\dimen187
\w@pgf@writea=\write3
\r@pgf@reada=\read2
\c@pgf@counta=\count311
\c@pgf@countb=\count312
\c@pgf@countc=\count313
\c@pgf@countd=\count314
\t@pgf@toka=\toks35
\t@pgf@tokb=\toks36
\t@pgf@tokc=\toks37
\pgf@sys@id@count=\count315
 (/usr/local/texlive/2025/texmf-dist/tex/generic/pgf/systemlayer/pgf.cfg
File: pgf.cfg 2023-01-15 v3.1.10 (3.1.10)
)
Driver file for pgf: pgfsys-pdftex.def
 (/usr/local/texlive/2025/texmf-dist/tex/generic/pgf/systemlayer/pgfsys-pdftex.def
File: pgfsys-pdftex.def 2023-01-15 v3.1.10 (3.1.10)

(/usr/local/texlive/2025/texmf-dist/tex/generic/pgf/systemlayer/pgfsys-common-pdf.def
File: pgfsys-common-pdf.def 2023-01-15 v3.1.10 (3.1.10)
))) (/usr/local/texlive/2025/texmf-dist/tex/generic/pgf/systemlayer/pgfsyssoftpath.code.tex
File: pgfsyssoftpath.code.tex 2023-01-15 v3.1.10 (3.1.10)
\pgfsyssoftpath@smallbuffer@items=\count316
\pgfsyssoftpath@bigbuffer@items=\count317
) (/usr/local/texlive/2025/texmf-dist/tex/generic/pgf/systemlayer/pgfsysprotocol.code.tex
File: pgfsysprotocol.code.tex 2023-01-15 v3.1.10 (3.1.10)
)) (/usr/local/texlive/2025/texmf-dist/tex/latex/xcolor/xcolor.sty
Package: xcolor 2024/09/29 v3.02 LaTeX color extensions (UK)
 (/usr/local/texlive/2025/texmf-dist/tex/latex/graphics-cfg/color.cfg
File: color.cfg 2016/01/02 v1.6 sample color configuration
)
Package xcolor Info: Driver file: pdftex.def on input line 274.
 (/usr/local/texlive/2025/texmf-dist/tex/latex/graphics/mathcolor.ltx)
Package xcolor Info: Model `cmy' substituted by `cmy0' on input line 1349.
Package xcolor Info: Model `hsb' substituted by `rgb' on input line 1353.
Package xcolor Info: Model `RGB' extended on input line 1365.
Package xcolor Info: Model `HTML' substituted by `rgb' on input line 1367.
Package xcolor Info: Model `Hsb' substituted by `hsb' on input line 1368.
Package xcolor Info: Model `tHsb' substituted by `hsb' on input line 1369.
Package xcolor Info: Model `HSB' substituted by `hsb' on input line 1370.
Package xcolor Info: Model `Gray' substituted by `gray' on input line 1371.
Package xcolor Info: Model `wave' substituted by `hsb' on input line 1372.
) (/usr/local/texlive/2025/texmf-dist/tex/generic/pgf/basiclayer/pgfcore.code.tex
Package: pgfcore 2023-01-15 v3.1.10 (3.1.10)
 (/usr/local/texlive/2025/texmf-dist/tex/generic/pgf/math/pgfmath.code.tex (/usr/local/texlive/2025/texmf-dist/tex/generic/pgf/math/pgfmathutil.code.tex) (/usr/local/texlive/2025/texmf-dist/tex/generic/pgf/math/pgfmathparser.code.tex
\pgfmath@dimen=\dimen188
\pgfmath@count=\count318
\pgfmath@box=\box59
\pgfmath@toks=\toks38
\pgfmath@stack@operand=\toks39
\pgfmath@stack@operation=\toks40
) (/usr/local/texlive/2025/texmf-dist/tex/generic/pgf/math/pgfmathfunctions.code.tex) (/usr/local/texlive/2025/texmf-dist/tex/generic/pgf/math/pgfmathfunctions.basic.code.tex) (/usr/local/texlive/2025/texmf-dist/tex/generic/pgf/math/pgfmathfunctions.trigonometric.code.tex) (/usr/local/texlive/2025/texmf-dist/tex/generic/pgf/math/pgfmathfunctions.random.code.tex) (/usr/local/texlive/2025/texmf-dist/tex/generic/pgf/math/pgfmathfunctions.comparison.code.tex) (/usr/local/texlive/2025/texmf-dist/tex/generic/pgf/math/pgfmathfunctions.base.code.tex) (/usr/local/texlive/2025/texmf-dist/tex/generic/pgf/math/pgfmathfunctions.round.code.tex) (/usr/local/texlive/2025/texmf-dist/tex/generic/pgf/math/pgfmathfunctions.misc.code.tex) (/usr/local/texlive/2025/texmf-dist/tex/generic/pgf/math/pgfmathfunctions.integerarithmetics.code.tex) (/usr/local/texlive/2025/texmf-dist/tex/generic/pgf/math/pgfmathcalc.code.tex) (/usr/local/texlive/2025/texmf-dist/tex/generic/pgf/math/pgfmathfloat.code.tex
\c@pgfmathroundto@lastzeros=\count319
)) (/usr/local/texlive/2025/texmf-dist/tex/generic/pgf/math/pgfint.code.tex) (/usr/local/texlive/2025/texmf-dist/tex/generic/pgf/basiclayer/pgfcorepoints.code.tex
File: pgfcorepoints.code.tex 2023-01-15 v3.1.10 (3.1.10)
\pgf@picminx=\dimen189
\pgf@picmaxx=\dimen190
\pgf@picminy=\dimen191
\pgf@picmaxy=\dimen192
\pgf@pathminx=\dimen193
\pgf@pathmaxx=\dimen194
\pgf@pathminy=\dimen195
\pgf@pathmaxy=\dimen196
\pgf@xx=\dimen197
\pgf@xy=\dimen198
\pgf@yx=\dimen199
\pgf@yy=\dimen256
\pgf@zx=\dimen257
\pgf@zy=\dimen258
)
(/usr/local/texlive/2025/texmf-dist/tex/generic/pgf/basiclayer/pgfcorepathconstruct.code.tex
File: pgfcorepathconstruct.code.tex 2023-01-15 v3.1.10 (3.1.10)
\pgf@path@lastx=\dimen259
\pgf@path@lasty=\dimen260
) (/usr/local/texlive/2025/texmf-dist/tex/generic/pgf/basiclayer/pgfcorepathusage.code.tex
File: pgfcorepathusage.code.tex 2023-01-15 v3.1.10 (3.1.10)
\pgf@shorten@end@additional=\dimen261
\pgf@shorten@start@additional=\dimen262
) (/usr/local/texlive/2025/texmf-dist/tex/generic/pgf/basiclayer/pgfcorescopes.code.tex
File: pgfcorescopes.code.tex 2023-01-15 v3.1.10 (3.1.10)
\pgfpic=\box60
\pgf@hbox=\box61
\pgf@layerbox@main=\box62
\pgf@picture@serial@count=\count320
) (/usr/local/texlive/2025/texmf-dist/tex/generic/pgf/basiclayer/pgfcoregraphicstate.code.tex
File: pgfcoregraphicstate.code.tex 2023-01-15 v3.1.10 (3.1.10)
\pgflinewidth=\dimen263
) (/usr/local/texlive/2025/texmf-dist/tex/generic/pgf/basiclayer/pgfcoretransformations.code.tex
File: pgfcoretransformations.code.tex 2023-01-15 v3.1.10 (3.1.10)
\pgf@pt@x=\dimen264
\pgf@pt@y=\dimen265
\pgf@pt@temp=\dimen266
) (/usr/local/texlive/2025/texmf-dist/tex/generic/pgf/basiclayer/pgfcorequick.code.tex
File: pgfcorequick.code.tex 2023-01-15 v3.1.10 (3.1.10)
) (/usr/local/texlive/2025/texmf-dist/tex/generic/pgf/basiclayer/pgfcoreobjects.code.tex
File: pgfcoreobjects.code.tex 2023-01-15 v3.1.10 (3.1.10)
) (/usr/local/texlive/2025/texmf-dist/tex/generic/pgf/basiclayer/pgfcorepathprocessing.code.tex
File: pgfcorepathprocessing.code.tex 2023-01-15 v3.1.10 (3.1.10)
) (/usr/local/texlive/2025/texmf-dist/tex/generic/pgf/basiclayer/pgfcorearrows.code.tex
File: pgfcorearrows.code.tex 2023-01-15 v3.1.10 (3.1.10)
\pgfarrowsep=\dimen267
) (/usr/local/texlive/2025/texmf-dist/tex/generic/pgf/basiclayer/pgfcoreshade.code.tex
File: pgfcoreshade.code.tex 2023-01-15 v3.1.10 (3.1.10)
\pgf@max=\dimen268
\pgf@sys@shading@range@num=\count321
\pgf@shadingcount=\count322
) (/usr/local/texlive/2025/texmf-dist/tex/generic/pgf/basiclayer/pgfcoreimage.code.tex
File: pgfcoreimage.code.tex 2023-01-15 v3.1.10 (3.1.10)
) (/usr/local/texlive/2025/texmf-dist/tex/generic/pgf/basiclayer/pgfcoreexternal.code.tex
File: pgfcoreexternal.code.tex 2023-01-15 v3.1.10 (3.1.10)
\pgfexternal@startupbox=\box63
) (/usr/local/texlive/2025/texmf-dist/tex/generic/pgf/basiclayer/pgfcorelayers.code.tex
File: pgfcorelayers.code.tex 2023-01-15 v3.1.10 (3.1.10)
) (/usr/local/texlive/2025/texmf-dist/tex/generic/pgf/basiclayer/pgfcoretransparency.code.tex
File: pgfcoretransparency.code.tex 2023-01-15 v3.1.10 (3.1.10)
) (/usr/local/texlive/2025/texmf-dist/tex/generic/pgf/basiclayer/pgfcorepatterns.code.tex
File: pgfcorepatterns.code.tex 2023-01-15 v3.1.10 (3.1.10)
) (/usr/local/texlive/2025/texmf-dist/tex/generic/pgf/basiclayer/pgfcorerdf.code.tex
File: pgfcorerdf.code.tex 2023-01-15 v3.1.10 (3.1.10)
))) (/usr/local/texlive/2025/texmf-dist/tex/generic/pgf/modules/pgfmoduleshapes.code.tex
File: pgfmoduleshapes.code.tex 2023-01-15 v3.1.10 (3.1.10)
\pgfnodeparttextbox=\box64
) (/usr/local/texlive/2025/texmf-dist/tex/generic/pgf/modules/pgfmoduleplot.code.tex
File: pgfmoduleplot.code.tex 2023-01-15 v3.1.10 (3.1.10)
) (/usr/local/texlive/2025/texmf-dist/tex/latex/pgf/compatibility/pgfcomp-version-0-65.sty
Package: pgfcomp-version-0-65 2023-01-15 v3.1.10 (3.1.10)
\pgf@nodesepstart=\dimen269
\pgf@nodesepend=\dimen270
) (/usr/local/texlive/2025/texmf-dist/tex/latex/pgf/compatibility/pgfcomp-version-1-18.sty
Package: pgfcomp-version-1-18 2023-01-15 v3.1.10 (3.1.10)
)) (/usr/local/texlive/2025/texmf-dist/tex/latex/pgf/utilities/pgffor.sty (/usr/local/texlive/2025/texmf-dist/tex/latex/pgf/utilities/pgfkeys.sty
(/usr/local/texlive/2025/texmf-dist/tex/generic/pgf/utilities/pgfkeys.code.tex)) (/usr/local/texlive/2025/texmf-dist/tex/latex/pgf/math/pgfmath.sty (/usr/local/texlive/2025/texmf-dist/tex/generic/pgf/math/pgfmath.code.tex)) (/usr/local/texlive/2025/texmf-dist/tex/generic/pgf/utilities/pgffor.code.tex
Package: pgffor 2023-01-15 v3.1.10 (3.1.10)
\pgffor@iter=\dimen271
\pgffor@skip=\dimen272
\pgffor@stack=\toks41
\pgffor@toks=\toks42
)) (/usr/local/texlive/2025/texmf-dist/tex/generic/pgf/frontendlayer/tikz/tikz.code.tex
Package: tikz 2023-01-15 v3.1.10 (3.1.10)
 (/usr/local/texlive/2025/texmf-dist/tex/generic/pgf/libraries/pgflibraryplothandlers.code.tex
File: pgflibraryplothandlers.code.tex 2023-01-15 v3.1.10 (3.1.10)
\pgf@plot@mark@count=\count323
\pgfplotmarksize=\dimen273
)
\tikz@lastx=\dimen274
\tikz@lasty=\dimen275
\tikz@lastxsaved=\dimen276
\tikz@lastysaved=\dimen277
\tikz@lastmovetox=\dimen278
\tikz@lastmovetoy=\dimen279
\tikzleveldistance=\dimen280
\tikzsiblingdistance=\dimen281
\tikz@figbox=\box65
\tikz@figbox@bg=\box66
\tikz@tempbox=\box67
\tikz@tempbox@bg=\box68
\tikztreelevel=\count324
\tikznumberofchildren=\count325
\tikznumberofcurrentchild=\count326
\tikz@fig@count=\count327
 (/usr/local/texlive/2025/texmf-dist/tex/generic/pgf/modules/pgfmodulematrix.code.tex
File: pgfmodulematrix.code.tex 2023-01-15 v3.1.10 (3.1.10)
\pgfmatrixcurrentrow=\count328
\pgfmatrixcurrentcolumn=\count329
\pgf@matrix@numberofcolumns=\count330
)
\tikz@expandcount=\count331
 (/usr/local/texlive/2025/texmf-dist/tex/generic/pgf/frontendlayer/tikz/libraries/tikzlibrarytopaths.code.tex
File: tikzlibrarytopaths.code.tex 2023-01-15 v3.1.10 (3.1.10)
))) (/usr/local/texlive/2025/texmf-dist/tex/generic/pgfplots/pgfplots.code.tex (/usr/local/texlive/2025/texmf-dist/tex/generic/pgfplots/pgfplotscore.code.tex
\t@pgfplots@toka=\toks43
\t@pgfplots@tokb=\toks44
\t@pgfplots@tokc=\toks45
\pgfplots@tmpa=\dimen282
\c@pgfplots@coordindex=\count332
\c@pgfplots@scanlineindex=\count333
 (/usr/local/texlive/2025/texmf-dist/tex/generic/pgfplots/sys/pgfplotssysgeneric.code.tex)) (/usr/local/texlive/2025/texmf-dist/tex/generic/pgfplots/libs/pgfplotslibrary.code.tex) (/usr/local/texlive/2025/texmf-dist/tex/generic/pgfplots/oldpgfcompatib/pgfplotsoldpgfsupp_loader.code.tex (/usr/local/texlive/2025/texmf-dist/tex/generic/pgf/libraries/pgflibraryfpu.code.tex)
Package pgfplots: loading complementary utilities for your pgf version...
\t@pgf@toka=\toks46
\t@pgf@tokb=\toks47
\t@pgf@tokc=\toks48
(/usr/local/texlive/2025/texmf-dist/tex/generic/pgfplots/oldpgfcompatib/pgfplotsoldpgfsupp_pgfutil-common-lists.tex)) (/usr/local/texlive/2025/texmf-dist/tex/generic/pgfplots/util/pgfplotsutil.code.tex (/usr/local/texlive/2025/texmf-dist/tex/generic/pgfplots/liststructure/pgfplotsliststructure.code.tex) (/usr/local/texlive/2025/texmf-dist/tex/generic/pgfplots/liststructure/pgfplotsliststructureext.code.tex) (/usr/local/texlive/2025/texmf-dist/tex/generic/pgfplots/liststructure/pgfplotsarray.code.tex
\c@pgfplotsarray@tmp=\count334
) (/usr/local/texlive/2025/texmf-dist/tex/generic/pgfplots/liststructure/pgfplotsmatrix.code.tex) (/usr/local/texlive/2025/texmf-dist/tex/generic/pgfplots/numtable/pgfplotstableshared.code.tex
\c@pgfplotstable@counta=\count335
\t@pgfplotstable@a=\toks49
) (/usr/local/texlive/2025/texmf-dist/tex/generic/pgfplots/liststructure/pgfplotsdeque.code.tex) (/usr/local/texlive/2025/texmf-dist/tex/generic/pgfplots/util/pgfplotsbinary.code.tex (/usr/local/texlive/2025/texmf-dist/tex/generic/pgfplots/util/pgfplotsbinary.data.code.tex)) (/usr/local/texlive/2025/texmf-dist/tex/generic/pgfplots/util/pgfplotsutil.verb.code.tex) (/usr/local/texlive/2025/texmf-dist/tex/generic/pgfplots/libs/pgflibrarypgfplots.surfshading.code.tex
\c@pgfplotslibrarysurf@no=\count336
 (/usr/local/texlive/2025/texmf-dist/tex/generic/pgfplots/sys/pgflibrarypgfplots.surfshading.pgfsys-pdftex.def))) (/usr/local/texlive/2025/texmf-dist/tex/generic/pgfplots/util/pgfplotscolormap.code.tex (/usr/local/texlive/2025/texmf-dist/tex/generic/pgfplots/util/pgfplotscolor.code.tex)) (/usr/local/texlive/2025/texmf-dist/tex/generic/pgfplots/pgfplotsstackedplots.code.tex) (/usr/local/texlive/2025/texmf-dist/tex/generic/pgfplots/pgfplotsplothandlers.code.tex (/usr/local/texlive/2025/texmf-dist/tex/generic/pgfplots/pgfplotsmeshplothandler.code.tex (/usr/local/texlive/2025/texmf-dist/tex/generic/pgfplots/pgfplotsmeshplotimage.code.tex))) (/usr/local/texlive/2025/texmf-dist/tex/generic/pgfplots/pgfplots.scaling.code.tex) (/usr/local/texlive/2025/texmf-dist/tex/generic/pgfplots/pgfplotscoordprocessing.code.tex)
(/usr/local/texlive/2025/texmf-dist/tex/generic/pgfplots/pgfplots.errorbars.code.tex) (/usr/local/texlive/2025/texmf-dist/tex/generic/pgfplots/pgfplots.markers.code.tex) (/usr/local/texlive/2025/texmf-dist/tex/generic/pgfplots/pgfplotsticks.code.tex) (/usr/local/texlive/2025/texmf-dist/tex/generic/pgfplots/pgfplots.paths.code.tex) (/usr/local/texlive/2025/texmf-dist/tex/generic/pgf/frontendlayer/tikz/libraries/tikzlibrarydecorations.code.tex (/usr/local/texlive/2025/texmf-dist/tex/generic/pgf/modules/pgfmoduledecorations.code.tex
\pgfdecoratedcompleteddistance=\dimen283
\pgfdecoratedremainingdistance=\dimen284
\pgfdecoratedinputsegmentcompleteddistance=\dimen285
\pgfdecoratedinputsegmentremainingdistance=\dimen286
\pgf@decorate@distancetomove=\dimen287
\pgf@decorate@repeatstate=\count337
\pgfdecorationsegmentamplitude=\dimen288
\pgfdecorationsegmentlength=\dimen289
)
\tikz@lib@dec@box=\box69
) (/usr/local/texlive/2025/texmf-dist/tex/generic/pgf/frontendlayer/tikz/libraries/tikzlibrarydecorations.pathmorphing.code.tex (/usr/local/texlive/2025/texmf-dist/tex/generic/pgf/libraries/decorations/pgflibrarydecorations.pathmorphing.code.tex)) (/usr/local/texlive/2025/texmf-dist/tex/generic/pgf/frontendlayer/tikz/libraries/tikzlibrarydecorations.pathreplacing.code.tex (/usr/local/texlive/2025/texmf-dist/tex/generic/pgf/libraries/decorations/pgflibrarydecorations.pathreplacing.code.tex)) (/usr/local/texlive/2025/texmf-dist/tex/generic/pgfplots/libs/tikzlibrarypgfplots.contourlua.code.tex)
\pgfplots@numplots=\count338
\pgfplots@xmin@reg=\dimen290
\pgfplots@xmax@reg=\dimen291
\pgfplots@ymin@reg=\dimen292
\pgfplots@ymax@reg=\dimen293
\pgfplots@zmin@reg=\dimen294
\pgfplots@zmax@reg=\dimen295
) (/usr/local/texlive/2025/texmf-dist/tex/generic/pgf/frontendlayer/tikz/libraries/tikzlibraryplotmarks.code.tex
File: tikzlibraryplotmarks.code.tex 2023-01-15 v3.1.10 (3.1.10)
 (/usr/local/texlive/2025/texmf-dist/tex/generic/pgf/libraries/pgflibraryplotmarks.code.tex
File: pgflibraryplotmarks.code.tex 2023-01-15 v3.1.10 (3.1.10)
)))) (./renombrar-comandos.tex) (./nuevos-comandos.tex (./hipervinculos.tex

Package xr Warning: 
No file conceptos,matematica,interferencia,tipos,fenomenos,espectroElectromagnetico,sonido,aplicaciones/ref-conceptos,matematica,interferencia,tipos,fenomenos,espectroElectromagnetico,sonido,aplicaciones.aux
LABELS NOT IMPORTED.
 on input line 16.

)
\@float@every@grafica=\toks50
\c@grafica=\count339
\@float@every@ecuacion=\toks51
\c@ecuacion=\count340
 (./strings.tex)) (./estilos.tex) (./main.aux)
\openout1 = `main.aux'.

LaTeX Font Info:    Checking defaults for OML/cmm/m/it on input line 31.
LaTeX Font Info:    ... okay on input line 31.
LaTeX Font Info:    Checking defaults for OMS/cmsy/m/n on input line 31.
LaTeX Font Info:    ... okay on input line 31.
LaTeX Font Info:    Checking defaults for OT1/cmr/m/n on input line 31.
LaTeX Font Info:    ... okay on input line 31.
LaTeX Font Info:    Checking defaults for T1/cmr/m/n on input line 31.
LaTeX Font Info:    ... okay on input line 31.
LaTeX Font Info:    Checking defaults for TS1/cmr/m/n on input line 31.
LaTeX Font Info:    ... okay on input line 31.
LaTeX Font Info:    Checking defaults for OMX/cmex/m/n on input line 31.
LaTeX Font Info:    ... okay on input line 31.
LaTeX Font Info:    Checking defaults for U/cmr/m/n on input line 31.
LaTeX Font Info:    ... okay on input line 31.
LaTeX Font Info:    Checking defaults for PD1/pdf/m/n on input line 31.
LaTeX Font Info:    ... okay on input line 31.
LaTeX Font Info:    Checking defaults for PU/pdf/m/n on input line 31.
LaTeX Font Info:    ... okay on input line 31.

*geometry* driver: auto-detecting
*geometry* detected driver: pdftex
*geometry* verbose mode - [ preamble ] result:
* driver: pdftex
* paper: custom
* layout: <same size as paper>
* layoutoffset:(h,v)=(0.0pt,0.0pt)
* modes: twoside 
* h-part:(L,W,R)=(72.26999pt, 469.75502pt, 72.26999pt)
* v-part:(T,H,B)=(72.26999pt, 650.43001pt, 72.26999pt)
* \paperwidth=614.295pt
* \paperheight=794.96999pt
* \textwidth=469.75502pt
* \textheight=650.43001pt
* \oddsidemargin=0.0pt
* \evensidemargin=0.0pt
* \topmargin=-30.06749pt
* \headheight=12.0pt
* \headsep=18.06749pt
* \topskip=10.0pt
* \footskip=25.29494pt
* \marginparwidth=125.0pt
* \marginparsep=7.0pt
* \columnsep=10.0pt
* \skip\footins=9.9pt plus 4.39957pt minus 2.20044pt
* \hoffset=0.0pt
* \voffset=0.0pt
* \mag=1000
* \@twocolumnfalse
* \@twosidetrue
* \@mparswitchtrue
* \@reversemarginfalse
* (1in=72.27pt=25.4mm, 1cm=28.453pt)

(/usr/local/texlive/2025/texmf-dist/tex/context/base/mkii/supp-pdf.mkii
[Loading MPS to PDF converter (version 2006.09.02).]
\scratchcounter=\count341
\scratchdimen=\dimen296
\scratchbox=\box70
\nofMPsegments=\count342
\nofMParguments=\count343
\everyMPshowfont=\toks52
\MPscratchCnt=\count344
\MPscratchDim=\dimen297
\MPnumerator=\count345
\makeMPintoPDFobject=\count346
\everyMPtoPDFconversion=\toks53
) (/usr/local/texlive/2025/texmf-dist/tex/latex/epstopdf-pkg/epstopdf-base.sty
Package: epstopdf-base 2020-01-24 v2.11 Base part for package epstopdf
Package epstopdf-base Info: Redefining graphics rule for `.eps' on input line 485.
 (/usr/local/texlive/2025/texmf-dist/tex/latex/latexconfig/epstopdf-sys.cfg
File: epstopdf-sys.cfg 2010/07/13 v1.3 Configuration of (r)epstopdf for TeX Live
))
Package hyperref Info: Link coloring ON on input line 31.
 (./main.out) (./main.out)
\@outlinefile=\write4
\openout4 = `main.out'.


Package pgfplots notification 'compat/show suggested version=true': document has been generated with the most recent feature set (\pgfplotsset{compat=1.18}).

LaTeX Font Info:    Calculating math sizes for size <13.2> on input line 34.
LaTeX Font Info:    Trying to load font information for OT1+lmr on input line 34.
(/usr/local/texlive/2025/texmf-dist/tex/latex/lm/ot1lmr.fd
File: ot1lmr.fd 2015/05/01 v1.6.1 Font defs for Latin Modern
)
LaTeX Font Info:    Trying to load font information for OML+lmm on input line 34.
 (/usr/local/texlive/2025/texmf-dist/tex/latex/lm/omllmm.fd
File: omllmm.fd 2015/05/01 v1.6.1 Font defs for Latin Modern
)
LaTeX Font Info:    Trying to load font information for OMS+lmsy on input line 34.
 (/usr/local/texlive/2025/texmf-dist/tex/latex/lm/omslmsy.fd
File: omslmsy.fd 2015/05/01 v1.6.1 Font defs for Latin Modern
)
LaTeX Font Info:    Trying to load font information for OMX+lmex on input line 34.
 (/usr/local/texlive/2025/texmf-dist/tex/latex/lm/omxlmex.fd
File: omxlmex.fd 2015/05/01 v1.6.1 Font defs for Latin Modern
)
LaTeX Font Info:    External font `lmex10' loaded for size
(Font)              <13.2> on input line 34.
LaTeX Font Info:    External font `lmex10' loaded for size
(Font)              <9.23994> on input line 34.
LaTeX Font Info:    External font `lmex10' loaded for size
(Font)              <6.59999> on input line 34.


[1



{/usr/local/texlive/2025/texmf-var/fonts/map/pdftex/updmap/pdftex.map}{/usr/local/texlive/2025/texmf-dist/fonts/enc/dvips/lm/lm-ec.enc}] (./main.toc
LaTeX Font Info:    Calculating math sizes for size <11> on input line 2.
LaTeX Font Info:    External font `lmex10' loaded for size
(Font)              <11> on input line 2.
LaTeX Font Info:    External font `lmex10' loaded for size
(Font)              <7.69997> on input line 2.
LaTeX Font Info:    External font `lmex10' loaded for size
(Font)              <5.5> on input line 2.


[2

])
\tf@toc=\write5
\openout5 = `main.toc'.



[3] (./main.lof)
\tf@lof=\write6
\openout6 = `main.lof'.



[4

] (./main.lop)
\tf@lop=\write7
\openout7 = `main.lop'.



[5

] (./main.loe)
\tf@loe=\write8
\openout8 = `main.loe'.

 (./conceptos/ref-conceptos.tex

[6

{/usr/local/texlive/2025/texmf-dist/fonts/enc/dvips/lm/lm-rm.enc}{/usr/local/texlive/2025/texmf-dist/fonts/enc/dvips/lm/lm-mathex.enc}{/usr/local/texlive/2025/texmf-dist/fonts/enc/dvips/lm/lm-mathit.enc}{/usr/local/texlive/2025/texmf-dist/fonts/enc/dvips/lm/lm-mathsy.enc}]
CAPÍTULO 1.
(./conceptos/definicion.tex
Package hyperref Info: bookmark level for unknown grafica defaults to 0 on input line 19.
) (./conceptos/elementos/general.tex)
Underfull \vbox (badness 10000) has occurred while \output is active []



[7

] (./conceptos/elementos/posicion_equilibrio.tex) (./conceptos/elementos/desplazamiento.tex
Underfull \vbox (badness 2626) has occurred while \output is active []



[8]) (./conceptos/elementos/punto_inicial.tex) (./conceptos/elementos/cresta.tex
Underfull \vbox (badness 2343) has occurred while \output is active []



[9]) (./conceptos/elementos/valle.tex) (./conceptos/elementos/amplitud.tex

[10]

[11]) (./conceptos/elementos/distancia.tex) (./conceptos/elementos/longitud_onda.tex
Underfull \vbox (badness 7504) has occurred while \output is active []



[12]) (./conceptos/elementos/tiempo.tex) (./conceptos/elementos/periodo.tex

[13]) (./conceptos/elementos/frecuencia.tex
Package hyperref Info: bookmark level for unknown ecuacion defaults to 0 on input line 29.


[14])) (./matematica/ref-matematica.tex

[15]
CAPÍTULO 2.
(./matematica/funcion_simple/definicion.tex) (./matematica/funcion_simple/amplitud.tex)
Underfull \vbox (badness 2591) has occurred while \output is active []



[16

] (./matematica/funcion_simple/frecuencia.tex) (./matematica/funcion_simple/fase.tex

[17]
Underfull \vbox (badness 3826) has occurred while \output is active []



[18]) (./matematica/onda_armonica_simple/definicion.tex) (./matematica/onda_armonica_simple/numero_onda.tex

[19]) (./matematica/onda_armonica_simple/frecuencia_angular.tex) (./matematica/velocidad.tex
LaTeX Font Info:    Trying to load font information for TS1+lmr on input line 10.
 (/usr/local/texlive/2025/texmf-dist/tex/latex/lm/ts1lmr.fd
File: ts1lmr.fd 2015/05/01 v1.6.1 Font defs for Latin Modern
)

[20]) (./matematica/energia.tex

[21{/usr/local/texlive/2025/texmf-dist/fonts/enc/dvips/lm/lm-ts1.enc}])) (./interferencia/ref-interferencia.tex

[22]
CAPÍTULO 3.
(./interferencia/definicion.tex) (./interferencia/constructiva.tex
<imagenes/interferencia_constructiva.png, id=669, 347.2975pt x 398.48875pt>
File: imagenes/interferencia_constructiva.png Graphic file (type png)
<use imagenes/interferencia_constructiva.png>
Package pdftex.def Info: imagenes/interferencia_constructiva.png  used on input line 5.
(pdftex.def)             Requested size: 138.91653pt x 159.39267pt.
) (./interferencia/destructiva.tex
<imagenes/interferencia_destructiva.png, id=672, 388.45125pt x 399.4925pt>
File: imagenes/interferencia_destructiva.png Graphic file (type png)
<use imagenes/interferencia_destructiva.png>
Package pdftex.def Info: imagenes/interferencia_destructiva.png  used on input line 5.
(pdftex.def)             Requested size: 155.37773pt x 159.79416pt.
)) (./tipos/ref-tipos.tex

[23

 <./imagenes/interferencia_constructiva.png>]

[24 <./imagenes/interferencia_destructiva.png>]
CAPÍTULO 4.
(./tipos/mov_particulas/transversal.tex
<imagenes/onda_transversal.png, id=687, 735.74875pt x 240.9pt>
File: imagenes/onda_transversal.png Graphic file (type png)
<use imagenes/onda_transversal.png>
Package pdftex.def Info: imagenes/onda_transversal.png  used on input line 5.
(pdftex.def)             Requested size: 294.29428pt x 96.35828pt.
) (./tipos/mov_particulas/longitudinal.tex
<imagenes/onda_longitudinal.png, id=690, 744.7825pt x 133.49875pt>
File: imagenes/onda_longitudinal.png Graphic file (type png)
<use imagenes/onda_longitudinal.png>
Package pdftex.def Info: imagenes/onda_longitudinal.png  used on input line 7.
(pdftex.def)             Requested size: 297.90771pt x 53.39854pt.

Underfull \vbox (badness 1515) has occurred while \output is active []



[25

 <./imagenes/onda_transversal.png (PNG copy)>]) (./tipos/naturaleza_emision/mecanica.tex
<imagenes/ondas_agua.png, id=699, 1445.4pt x 993.7125pt>
File: imagenes/ondas_agua.png Graphic file (type png)
<use imagenes/ondas_agua.png>
Package pdftex.def Info: imagenes/ondas_agua.png  used on input line 5.
(pdftex.def)             Requested size: 289.07487pt x 198.73897pt.


[26 <./imagenes/onda_longitudinal.png (PNG copy)> <./imagenes/ondas_agua.png>]) (./tipos/naturaleza_emision/electromagnetica.tex
<imagenes/campo_electrico_magnetico.png, id=706, 513.92pt x 358.33875pt>
File: imagenes/campo_electrico_magnetico.png Graphic file (type png)
<use imagenes/campo_electrico_magnetico.png>
Package pdftex.def Info: imagenes/campo_electrico_magnetico.png  used on input line 7.
(pdftex.def)             Requested size: 256.95937pt x 179.16893pt.
) (./tipos/sentido_propagacion/viajera.tex) (./tipos/sentido_propagacion/estacionaria.tex

[27 <./imagenes/campo_electrico_magnetico.png>])) (./fenomenos/ref-fenomenos.tex

[28]
CAPÍTULO 5.
(./fenomenos/reflexion/definicion.tex
<imagenes/reflexion_monte.png, id=719, 1927.2pt x 1529.715pt>
File: imagenes/reflexion_monte.png Graphic file (type png)
<use imagenes/reflexion_monte.png>
Package pdftex.def Info: imagenes/reflexion_monte.png  used on input line 5.
(pdftex.def)             Requested size: 289.06754pt x 229.44734pt.
) (./fenomenos/reflexion/ley_reflexion.tex
<imagenes/ley_reflexion.png, id=721, 1445.4pt x 813.0375pt>
File: imagenes/ley_reflexion.png Graphic file (type png)
<use imagenes/ley_reflexion.png>
Package pdftex.def Info: imagenes/ley_reflexion.png  used on input line 5.
(pdftex.def)             Requested size: 289.07487pt x 162.60461pt.


[29

 <./imagenes/reflexion_monte.png>]) (./fenomenos/reflexion/especular.tex
<imagenes/reflexion_especular.png, id=728, 356.33125pt x 214.8025pt>
File: imagenes/reflexion_especular.png Graphic file (type png)
<use imagenes/reflexion_especular.png>
Package pdftex.def Info: imagenes/reflexion_especular.png  used on input line 5.
(pdftex.def)             Requested size: 178.16518pt x 107.40099pt.
)
Underfull \vbox (badness 3108) has occurred while \output is active []



[30 <./imagenes/ley_reflexion.png (PNG copy)>] (./fenomenos/reflexion/difusa.tex
<imagenes/reflexion_difusa.png, id=735, 358.33875pt x 213.79875pt>
File: imagenes/reflexion_difusa.png Graphic file (type png)
<use imagenes/reflexion_difusa.png>
Package pdftex.def Info: imagenes/reflexion_difusa.png  used on input line 5.
(pdftex.def)             Requested size: 179.16893pt x 106.89911pt.
) (./fenomenos/refraccion/definicion.tex
<imagenes/prisma.png, id=738, 453.0015pt x 329.4855pt>
File: imagenes/prisma.png Graphic file (type png)
<use imagenes/prisma.png>
Package pdftex.def Info: imagenes/prisma.png  used on input line 7.
(pdftex.def)             Requested size: 226.50018pt x 164.74234pt.
) (./fenomenos/refraccion/snell.tex
<imagenes/ley_snell.png, id=740, 287.72495pt x 286.36987pt>
File: imagenes/ley_snell.png Graphic file (type png)
<use imagenes/ley_snell.png>
Package pdftex.def Info: imagenes/ley_snell.png  used on input line 3.
(pdftex.def)             Requested size: 287.72423pt x 286.36917pt.

Underfull \vbox (badness 2903) has occurred while \output is active []



[31 <./imagenes/reflexion_especular.png (PNG copy)> <./imagenes/reflexion_difusa.png (PNG copy)>]

[32 <./imagenes/prisma.png> <./imagenes/ley_snell.png>]
<imagenes/rayos_refractados.png, id=753, 288.17662pt x 289.08pt>
File: imagenes/rayos_refractados.png Graphic file (type png)
<use imagenes/rayos_refractados.png>
Package pdftex.def Info: imagenes/rayos_refractados.png  used on input line 43.
(pdftex.def)             Requested size: 288.1759pt x 289.07928pt.
)
Underfull \vbox (badness 10000) has occurred while \output is active []



[33] (./fenomenos/refraccion/reflexion_total_interna.tex
<imagenes/reflexion_total_interna.png, id=760, 1837.3443pt x 570.933pt>
File: imagenes/reflexion_total_interna.png Graphic file (type png)
<use imagenes/reflexion_total_interna.png>
Package pdftex.def Info: imagenes/reflexion_total_interna.png  used on input line 5.
(pdftex.def)             Requested size: 367.46236pt x 114.18457pt.
) (./fenomenos/difraccion/definicion.tex
Underfull \vbox (badness 3536) has occurred while \output is active []



[34 <./imagenes/rayos_refractados.png> <./imagenes/reflexion_total_interna.png>]
<imagenes/difraccion_nube.png, id=769, 803.0pt x 602.25pt>
File: imagenes/difraccion_nube.png Graphic file (type png)
<use imagenes/difraccion_nube.png>
Package pdftex.def Info: imagenes/difraccion_nube.png  used on input line 5.
(pdftex.def)             Requested size: 240.90186pt x 180.67639pt.
) (./fenomenos/difraccion/alrededor.tex
<imagenes/difraccion_alrededor.png, id=772, 201.75375pt x 250.9375pt>
File: imagenes/difraccion_alrededor.png Graphic file (type png)
<use imagenes/difraccion_alrededor.png>
Package pdftex.def Info: imagenes/difraccion_alrededor.png  used on input line 3.
(pdftex.def)             Requested size: 100.87662pt x 125.46843pt.
)
Underfull \vbox (badness 10000) has occurred while \output is active []



[35 <./imagenes/difraccion_nube.png>] (./fenomenos/difraccion/atraves.tex
<imagenes/difraccion_atraves.png, id=780, 376.40625pt x 117.43875pt>
File: imagenes/difraccion_atraves.png Graphic file (type png)
<use imagenes/difraccion_atraves.png>
Package pdftex.def Info: imagenes/difraccion_atraves.png  used on input line 5.
(pdftex.def)             Requested size: 376.40532pt x 117.43845pt.
) (./fenomenos/absorcion/definicion.tex
<imagenes/absorcion_hojas.png, id=784, 421.575pt x 427.5975pt>
File: imagenes/absorcion_hojas.png Graphic file (type png)
<use imagenes/absorcion_hojas.png>
Package pdftex.def Info: imagenes/absorcion_hojas.png  used on input line 7.
(pdftex.def)             Requested size: 252.94695pt x 256.56047pt.
)) (./espectroElectromagnetico/ref-espectroElectromagnetico.tex
Underfull \vbox (badness 1371) has occurred while \output is active []



[36 <./imagenes/difraccion_alrededor.png> <./imagenes/difraccion_atraves.png>]

[37 <./imagenes/absorcion_hojas.png>]
CAPÍTULO 6.
(./espectroElectromagnetico/definicion.tex
<imagenes/espectro_electromagnetico.png, id=797, 885.3075pt x 271.0125pt>
File: imagenes/espectro_electromagnetico.png Graphic file (type png)
<use imagenes/espectro_electromagnetico.png>
Package pdftex.def Info: imagenes/espectro_electromagnetico.png  used on input line 5.
(pdftex.def)             Requested size: 442.65266pt x 135.5059pt.
) (./espectroElectromagnetico/radio.tex

[38

 <./imagenes/espectro_electromagnetico.png>]
<imagenes/am_fm.png, id=804, 873.2625pt x 391.4625pt>
File: imagenes/am_fm.png Graphic file (type png)
<use imagenes/am_fm.png>
Package pdftex.def Info: imagenes/am_fm.png  used on input line 13.
(pdftex.def)             Requested size: 349.29881pt x 156.58221pt.
<imagenes/ionosfera_onda.png, id=806, 342.078pt x 203.8014pt>
File: imagenes/ionosfera_onda.png Graphic file (type png)
<use imagenes/ionosfera_onda.png>
Package pdftex.def Info: imagenes/ionosfera_onda.png  used on input line 23.
(pdftex.def)             Requested size: 273.66275pt x 163.04132pt.
) (./espectroElectromagnetico/microondas.tex) (./espectroElectromagnetico/infrarrojo.tex

[39 <./imagenes/am_fm.png> <./imagenes/ionosfera_onda.png>]
<imagenes/control_remoto.png, id=813, 1083.04625pt x 722.7pt>
File: imagenes/control_remoto.png Graphic file (type png)
<use imagenes/control_remoto.png>
Package pdftex.def Info: imagenes/control_remoto.png  used on input line 5.
(pdftex.def)             Requested size: 216.60541pt x 144.53743pt.
) (./espectroElectromagnetico/luz_visible.tex
<imagenes/luz_visible.png, id=814, 853.1875pt x 382.42876pt>
File: imagenes/luz_visible.png Graphic file (type png)
<use imagenes/luz_visible.png>
Package pdftex.def Info: imagenes/luz_visible.png  used on input line 5.
(pdftex.def)             Requested size: 426.59271pt x 191.2139pt.
) (./espectroElectromagnetico/rayleigh.tex
<imagenes/rayleigh.png, id=816, 1606.0pt x 903.375pt>
File: imagenes/rayleigh.png Graphic file (type png)
<use imagenes/rayleigh.png>
Package pdftex.def Info: imagenes/rayleigh.png  used on input line 5.
(pdftex.def)             Requested size: 321.19432pt x 180.6718pt.


[40 <./imagenes/control_remoto.png> <./imagenes/luz_visible.png>]) (./espectroElectromagnetico/ultravioleta.tex) (./espectroElectromagnetico/rayos_x.tex) (./espectroElectromagnetico/gamma.tex)) (./sonido/ref-sonido.tex

[41 <./imagenes/rayleigh.png>]
CAPÍTULO 7.
(./sonido/definicion.tex)) (./aplicaciones/ref-aplicaciones.tex

[42

]
CAPÍTULO 8.
(./aplicaciones/fibra_optica.tex
<imagenes/fibra_optica.png, id=832, 770.88pt x 770.88pt>
File: imagenes/fibra_optica.png Graphic file (type png)
<use imagenes/fibra_optica.png>
Package pdftex.def Info: imagenes/fibra_optica.png  used on input line 5.
(pdftex.def)             Requested size: 231.26578pt x 231.26578pt.


[43

 <./imagenes/fibra_optica.png>]) (./aplicaciones/radar.tex) (./aplicaciones/wifi.tex
<imagenes/wifi.png, id=841, 713.66624pt x 577.15625pt>
File: imagenes/wifi.png Graphic file (type png)
<use imagenes/wifi.png>
Package pdftex.def Info: imagenes/wifi.png  used on input line 7.
(pdftex.def)             Requested size: 214.10152pt x 173.14821pt.
)
Underfull \vbox (badness 4899) has occurred while \output is active []



[44] (./aplicaciones/horno_microondas.tex
<imagenes/microwave.png, id=848, 622.325pt x 466.74374pt>
File: imagenes/microwave.png Graphic file (type png)
<use imagenes/microwave.png>
Package pdftex.def Info: imagenes/microwave.png  used on input line 5.
(pdftex.def)             Requested size: 311.16173pt x 233.37129pt.
) (./aplicaciones/vision_nocturna.tex
Underfull \vbox (badness 10000) has occurred while \output is active []



[45 <./imagenes/wifi.png> <./imagenes/microwave.png>]
<imagenes/nvg.png, id=856, 770.88pt x 385.44pt>
File: imagenes/nvg.png Graphic file (type png)
<use imagenes/nvg.png>
Package pdftex.def Info: imagenes/nvg.png  used on input line 5.
(pdftex.def)             Requested size: 308.34654pt x 154.17326pt.
<imagenes/vision_nocturna.png, id=858, 1120.185pt x 561.09625pt>
File: imagenes/vision_nocturna.png Graphic file (type png)
<use imagenes/vision_nocturna.png>
Package pdftex.def Info: imagenes/vision_nocturna.png  used on input line 15.
(pdftex.def)             Requested size: 448.06606pt x 224.43452pt.

Underfull \vbox (badness 10000) has occurred while \output is active []



[46 <./imagenes/nvg.png>]
<imagenes/imagen_termica.png, id=865, 1003.75pt x 564.1075pt>
File: imagenes/imagen_termica.png Graphic file (type png)
<use imagenes/imagen_termica.png>
Package pdftex.def Info: imagenes/imagen_termica.png  used on input line 33.
(pdftex.def)             Requested size: 301.12732pt x 169.23355pt.

Underfull \vbox (badness 10000) has occurred while \output is active []



[47 <./imagenes/vision_nocturna.png>])) (./main.bbl

[48 <./imagenes/imagen_termica.png>]
LaTeX Font Info:    Trying to load font information for T1+lmtt on input line 4.
 (/usr/local/texlive/2025/texmf-dist/tex/latex/lm/t1lmtt.fd
File: t1lmtt.fd 2015/05/01 v1.6.1 Font defs for Latin Modern
)
Underfull \hbox (badness 10000) in paragraph at lines 16--18
[]\T1/lmr/m/n/11 ``Ondas elec-tro-mag-nti-cas - Lab-ster.'' [][]$\T1/lmtt/m/n/11 https : / / theory . labster . com / es /
 []


Underfull \hbox (badness 10000) in paragraph at lines 36--38
[]\T1/lmr/m/n/11 M. Mar-go-lis, ``The Sci-ence of Diffrac-tion: What is the Diffrac-
 []


Underfull \hbox (badness 10000) in paragraph at lines 36--38
\T1/lmr/m/n/11 tion of Light?.'' [][]$\T1/lmtt/m/n/11 https : / / www . rainbowsymphony . com / blogs / blog /
 []


Underfull \hbox (badness 10000) in paragraph at lines 36--38
\T1/lmtt/m/n/11 the-[]science-[]of-[]diffraction-[]what-[]is-[]the-[]diffraction-[]of-[]light$[][]\T1/lmr/m/n/11 , Sep-tiem-bre 2023.
 []


Underfull \hbox (badness 10000) in paragraph at lines 40--42
[]\T1/lmr/m/n/11 ``DIFFRACTION OF WAVES.'' [][]$\T1/lmtt/m/n/11 https : / / web2 . ph . utexas . edu / ~coker2 / index . files /
 []


Underfull \hbox (badness 10000) in paragraph at lines 48--50
[]\T1/lmr/m/n/11 ``Estructura de la hoja.'' [][]$\T1/lmtt/m/n/11 https : / / www . droncontrol . com / index . php / es / servicios /
 []


Underfull \hbox (badness 1533) in paragraph at lines 48--50
\T1/lmtt/m/n/11 aplicaciones-[]agricolas / 51-[]agricola / 165-[]estructura-[]de-[]la-[]hoja$[][]\T1/lmr/m/n/11 .  Ac-ce-dido: 2025-
 []


Underfull \hbox (badness 10000) in paragraph at lines 56--58
[]\T1/lmr/m/n/11 L. Sil-veira, ``Esta-ciones de ra-dio AM, FM, dig-i-tales y en
 []


Underfull \hbox (badness 10000) in paragraph at lines 56--58
\T1/lmr/m/n/11 lnea. Cual es la difer-en-cia?.'' [][]$\T1/lmtt/m/n/11 https : / / blog . brlogic . com / es /
 []


Underfull \hbox (badness 10000) in paragraph at lines 56--58
\T1/lmtt/m/n/11 estaciones-[]de-[]radio-[]am-[]fm-[]digitales-[]y-[]en-[]linea-[]cual-[]es-[]la-[]diferencia/$[][]\T1/lmr/m/n/11 , Julio
 []



[49

]
Underfull \hbox (badness 10000) in paragraph at lines 77--79
[]\T1/lmr/m/n/11 https://support.u-tec.com/hc/en-us/articles/360059585052-How-to-find-out-whether-my-WiFi-
 []


Underfull \hbox (badness 10000) in paragraph at lines 85--87
[]\T1/lmr/m/n/11 ``How to Choose Night Vi-sion Op-tics.'' [][]$\T1/lmtt/m/n/11 https : / / tacticalgear . com / experts /
 []


Underfull \hbox (badness 7468) in paragraph at lines 97--99
[]\T1/lmr/m/n/11 M. J. Parry-Hill, R. T. Sut-ter, and M. W. David-son, ``Re-flec-tion of Light.''
 []


Underfull \hbox (badness 10000) in paragraph at lines 97--99
[][]$\T1/lmtt/m/n/11 https : / / evidentscientific . com / en / microscope-[]resource / tutorials / reflection /
 []


Underfull \hbox (badness 10000) in paragraph at lines 101--103
[]\T1/lmr/m/n/11 R. T. Sut-ter, T. J. Fellers, and M. W. David-son, ``Re-frac-tion of Light.''
 []


Underfull \hbox (badness 10000) in paragraph at lines 101--103
[][]$\T1/lmtt/m/n/11 https : / / evidentscientific . com / en / microscope-[]resource / tutorials / refraction /
 []


Underfull \hbox (badness 5359) in paragraph at lines 105--107
\T1/lmtt/m/n/11 com / en / microscope-[]resource / knowledge-[]hub / lightandcolor / diffraction$[][]\T1/lmr/m/n/11 .  Ac-ce-dido:
 []

)

[50] (./main.aux)
 ***********
LaTeX2e <2024-11-01> patch level 2
L3 programming layer <2025-04-29>
 ***********
Package rerunfilecheck Info: File `main.out' has not changed.
(rerunfilecheck)             Checksum: 70B693516DE49704D07B6F549E75B5D3;10039.
 ) 
Here is how much of TeX's memory you used:
 33821 strings out of 469590
 792389 string characters out of 5470346
 1371094 words of memory out of 5000000
 59674 multiletter control sequences out of 15000+600000
 686950 words of font info for 74 fonts, out of 8000000 for 9000
 1141 hyphenation exceptions out of 8191
 104i,17n,108p,1193b,2155s stack positions out of 10000i,1000n,20000p,200000b,200000s
</usr/local/texlive/2025/texmf-dist/fonts/type1/public/lm/lmbx12.pfb></usr/local/texlive/2025/texmf-dist/fonts/type1/public/lm/lmex10.pfb></usr/local/texlive/2025/texmf-dist/fonts/type1/public/lm/lmmi12.pfb></usr/local/texlive/2025/texmf-dist/fonts/type1/public/lm/lmmi8.pfb></usr/local/texlive/2025/texmf-dist/fonts/type1/public/lm/lmr12.pfb></usr/local/texlive/2025/texmf-dist/fonts/type1/public/lm/lmr17.pfb></usr/local/texlive/2025/texmf-dist/fonts/type1/public/lm/lmr8.pfb></usr/local/texlive/2025/texmf-dist/fonts/type1/public/lm/lmri12.pfb></usr/local/texlive/2025/texmf-dist/fonts/type1/public/lm/lmro12.pfb></usr/local/texlive/2025/texmf-dist/fonts/type1/public/lm/lmsy10.pfb></usr/local/texlive/2025/texmf-dist/fonts/type1/public/lm/lmsy8.pfb></usr/local/texlive/2025/texmf-dist/fonts/type1/public/lm/lmtt12.pfb>
Output written on main.pdf (50 pages, 11758143 bytes).
PDF statistics:
 1046 PDF objects out of 1200 (max. 8388607)
 915 compressed objects within 10 object streams
 231 named destinations out of 1000 (max. 500000)
 755 words of extra memory for PDF output out of 10000 (max. 10000000)

